Non-terminaux inutiles dans la grammaire

    CallArgNext


Terminaux inutilisés dans la grammaire

    tEGAL
    tSOUS
    tADD
    tDIV
    tMUL
    tERR
    tPRINTF
    tNB


Règles inutiles dans la grammaire

   24 CallArgNext: tVIRG DeclArgs
   25            | %empty


Règles inutiles dans l'analyseur à cause de conflits

   22 Body: Body


État 27 conflits: 1 décalage/réduction


Grammaire

    0 $accept: Programme $end

    1 Programme: Funs

    2 Funs: Fun
    3     | Fun Funs

    4 Fun: FunType FunName tPO DeclArgs tPF tAO Body tAF

    5 FunCall: FunName tPO CallArgs tPF tPVIRG

    6 DeclArgs: VarType tID DeclArgNext
    7         | %empty

    8 DeclArgNext: tVIRG DeclArgs
    9            | %empty

   10 CallArgs: tID DeclArgNext
   11         | %empty

   12 PreType: tCONST
   13        | %empty

   14 Type: tINT
   15     | tSTR

   16 FunType: Type

   17 VarType: PreType Type

   18 FunName: tMAIN
   19        | tID

   20 Body: FunCall
   21     | VarType tID tPVIRG
   22     | Body
   23     | %empty


Terminaux, suivis des règles où ils apparaissent

    $end (0) 0
    error (256)
    tEGAL (258)
    tPO (259) 4 5
    tPF (260) 4 5
    tAO (261) 4
    tAF (262) 4
    tSOUS (263)
    tADD (264)
    tDIV (265)
    tMUL (266)
    tERR (267)
    tPRINTF (268)
    tMAIN (269) 18
    tINT (270) 14
    tSTR (271) 15
    tCONST (272) 12
    tVIRG (273) 8
    tPVIRG (274) 5 21
    tNB <nb> (275)
    tID <varchar> (276) 6 10 19 21


Non-terminaux, suivis des règles où ils apparaissent

    $accept (22)
        à gauche: 0
    Programme (23)
        à gauche: 1
        à droite: 0
    Funs (24)
        à gauche: 2 3
        à droite: 1 3
    Fun (25)
        à gauche: 4
        à droite: 2 3
    FunCall (26)
        à gauche: 5
        à droite: 20
    DeclArgs (27)
        à gauche: 6 7
        à droite: 4 8
    DeclArgNext (28)
        à gauche: 8 9
        à droite: 6 10
    CallArgs (29)
        à gauche: 10 11
        à droite: 5
    PreType (30)
        à gauche: 12 13
        à droite: 17
    Type (31)
        à gauche: 14 15
        à droite: 16 17
    FunType (32)
        à gauche: 16
        à droite: 4
    VarType (33)
        à gauche: 17
        à droite: 6 21
    FunName (34)
        à gauche: 18 19
        à droite: 4 5
    Body (35)
        à gauche: 20 21 22 23
        à droite: 4 22


État 0

    0 $accept: . Programme $end

    tINT  décalage et aller à l'état 1
    tSTR  décalage et aller à l'état 2

    Programme  aller à l'état 3
    Funs       aller à l'état 4
    Fun        aller à l'état 5
    Type       aller à l'état 6
    FunType    aller à l'état 7


État 1

   14 Type: tINT .

    $défaut  réduction par utilisation de la règle 14 (Type)


État 2

   15 Type: tSTR .

    $défaut  réduction par utilisation de la règle 15 (Type)


État 3

    0 $accept: Programme . $end

    $end  décalage et aller à l'état 8


État 4

    1 Programme: Funs .

    $défaut  réduction par utilisation de la règle 1 (Programme)


État 5

    2 Funs: Fun .
    3     | Fun . Funs

    tINT  décalage et aller à l'état 1
    tSTR  décalage et aller à l'état 2

    $défaut  réduction par utilisation de la règle 2 (Funs)

    Funs     aller à l'état 9
    Fun      aller à l'état 5
    Type     aller à l'état 6
    FunType  aller à l'état 7


État 6

   16 FunType: Type .

    $défaut  réduction par utilisation de la règle 16 (FunType)


État 7

    4 Fun: FunType . FunName tPO DeclArgs tPF tAO Body tAF

    tMAIN  décalage et aller à l'état 10
    tID    décalage et aller à l'état 11

    FunName  aller à l'état 12


État 8

    0 $accept: Programme $end .

    $défaut  accepter


État 9

    3 Funs: Fun Funs .

    $défaut  réduction par utilisation de la règle 3 (Funs)


État 10

   18 FunName: tMAIN .

    $défaut  réduction par utilisation de la règle 18 (FunName)


État 11

   19 FunName: tID .

    $défaut  réduction par utilisation de la règle 19 (FunName)


État 12

    4 Fun: FunType FunName . tPO DeclArgs tPF tAO Body tAF

    tPO  décalage et aller à l'état 13


État 13

    4 Fun: FunType FunName tPO . DeclArgs tPF tAO Body tAF

    tCONST  décalage et aller à l'état 14

    tPF       réduction par utilisation de la règle 7 (DeclArgs)
    $défaut  réduction par utilisation de la règle 13 (PreType)

    DeclArgs  aller à l'état 15
    PreType   aller à l'état 16
    VarType   aller à l'état 17


État 14

   12 PreType: tCONST .

    $défaut  réduction par utilisation de la règle 12 (PreType)


État 15

    4 Fun: FunType FunName tPO DeclArgs . tPF tAO Body tAF

    tPF  décalage et aller à l'état 18


État 16

   17 VarType: PreType . Type

    tINT  décalage et aller à l'état 1
    tSTR  décalage et aller à l'état 2

    Type  aller à l'état 19


État 17

    6 DeclArgs: VarType . tID DeclArgNext

    tID  décalage et aller à l'état 20


État 18

    4 Fun: FunType FunName tPO DeclArgs tPF . tAO Body tAF

    tAO  décalage et aller à l'état 21


État 19

   17 VarType: PreType Type .

    $défaut  réduction par utilisation de la règle 17 (VarType)


État 20

    6 DeclArgs: VarType tID . DeclArgNext

    tVIRG  décalage et aller à l'état 22

    $défaut  réduction par utilisation de la règle 9 (DeclArgNext)

    DeclArgNext  aller à l'état 23


État 21

    4 Fun: FunType FunName tPO DeclArgs tPF tAO . Body tAF

    tMAIN   décalage et aller à l'état 10
    tCONST  décalage et aller à l'état 14
    tID     décalage et aller à l'état 11

    tAF       réduction par utilisation de la règle 23 (Body)
    $défaut  réduction par utilisation de la règle 13 (PreType)

    FunCall  aller à l'état 24
    PreType  aller à l'état 16
    VarType  aller à l'état 25
    FunName  aller à l'état 26
    Body     aller à l'état 27


État 22

    8 DeclArgNext: tVIRG . DeclArgs

    tCONST  décalage et aller à l'état 14

    tPF       réduction par utilisation de la règle 7 (DeclArgs)
    $défaut  réduction par utilisation de la règle 13 (PreType)

    DeclArgs  aller à l'état 28
    PreType   aller à l'état 16
    VarType   aller à l'état 17


État 23

    6 DeclArgs: VarType tID DeclArgNext .

    $défaut  réduction par utilisation de la règle 6 (DeclArgs)


État 24

   20 Body: FunCall .

    $défaut  réduction par utilisation de la règle 20 (Body)


État 25

   21 Body: VarType . tID tPVIRG

    tID  décalage et aller à l'état 29


État 26

    5 FunCall: FunName . tPO CallArgs tPF tPVIRG

    tPO  décalage et aller à l'état 30


État 27

    4 Fun: FunType FunName tPO DeclArgs tPF tAO Body . tAF
   22 Body: Body .

    tAF  décalage et aller à l'état 31

    tAF  [réduction par utilisation de la règle 22 (Body)]


État 28

    8 DeclArgNext: tVIRG DeclArgs .

    $défaut  réduction par utilisation de la règle 8 (DeclArgNext)


État 29

   21 Body: VarType tID . tPVIRG

    tPVIRG  décalage et aller à l'état 32


État 30

    5 FunCall: FunName tPO . CallArgs tPF tPVIRG

    tID  décalage et aller à l'état 33

    $défaut  réduction par utilisation de la règle 11 (CallArgs)

    CallArgs  aller à l'état 34


État 31

    4 Fun: FunType FunName tPO DeclArgs tPF tAO Body tAF .

    $défaut  réduction par utilisation de la règle 4 (Fun)


État 32

   21 Body: VarType tID tPVIRG .

    $défaut  réduction par utilisation de la règle 21 (Body)


État 33

   10 CallArgs: tID . DeclArgNext

    tVIRG  décalage et aller à l'état 22

    $défaut  réduction par utilisation de la règle 9 (DeclArgNext)

    DeclArgNext  aller à l'état 35


État 34

    5 FunCall: FunName tPO CallArgs . tPF tPVIRG

    tPF  décalage et aller à l'état 36


État 35

   10 CallArgs: tID DeclArgNext .

    $défaut  réduction par utilisation de la règle 10 (CallArgs)


État 36

    5 FunCall: FunName tPO CallArgs tPF . tPVIRG

    tPVIRG  décalage et aller à l'état 37


État 37

    5 FunCall: FunName tPO CallArgs tPF tPVIRG .

    $défaut  réduction par utilisation de la règle 5 (FunCall)
